# JRE version: Java(TM) SE Runtime Environment (8.0_191-b12) (build 1.8.0_191-b12)
# Java VM: Java HotSpot(TM) Client VM (25.191-b12 mixed mode windows-x86 )
Heap:
 def new generation   total 157248K, used 116429K [0x04e00000, 0x0f8a0000, 0x0f8a0000)
  eden space 139776K,  83% used [0x04e00000, 0x0bfb36e8, 0x0d680000)
  from space 17472K,   0% used [0x0d680000, 0x0d680000, 0x0e790000)
  to   space 17472K,   0% used [0x0e790000, 0x0e790000, 0x0f8a0000)
 tenured generation   total 349568K, used 349567K [0x0f8a0000, 0x24e00000, 0x24e00000)
   the space 349568K,  99% used [0x0f8a0000, 0x24dffff8, 0x24e00000, 0x24e00000)
 Metaspace       used 21761K, capacity 22361K, committed 22784K, reserved 22912K
GC Heap History (10 events):
Event: 525.982 GC heap before
{Heap before GC invocations=218 (full 6):
 def new generation   total 157248K, used 157248K [0x04e00000, 0x0f8a0000, 0x0f8a0000)
  eden space 139776K, 100% used [0x04e00000, 0x0d680000, 0x0d680000)
  from space 17472K, 100% used [0x0d680000, 0x0e790000, 0x0e790000)
  to   space 17472K,   0% used [0x0e790000, 0x0e790000, 0x0f8a0000)
 tenured generation   total 349568K, used 349567K [0x0f8a0000, 0x24e00000, 0x24e00000)
   the space 349568K,  99% used [0x0f8a0000, 0x24dfffd8, 0x24e00000, 0x24e00000)
 Metaspace       used 21761K, capacity 22361K, committed 22784K, reserved 22912K
Event: 526.617 GC heap after
Heap after GC invocations=219 (full 7):
 def new generation   total 157248K, used 93160K [0x04e00000, 0x0f8a0000, 0x0f8a0000)
  eden space 139776K,  66% used [0x04e00000, 0x0a8fa030, 0x0d680000)
  from space 17472K,   0% used [0x0d680000, 0x0d680000, 0x0e790000)
  to   space 17472K,   0% used [0x0e790000, 0x0e790000, 0x0f8a0000)
 tenured generation   total 349568K, used 349567K [0x0f8a0000, 0x24e00000, 0x24e00000)
   the space 349568K,  99% used [0x0f8a0000, 0x24dfffe8, 0x24e00000, 0x24e00000)
 Metaspace       used 21761K, capacity 22361K, committed 22784K, reserved 22912K
}
Event: 527.746 GC heap before
{Heap before GC invocations=219 (full 7):
 def new generation   total 157248K, used 157248K [0x04e00000, 0x0f8a0000, 0x0f8a0000)
  eden space 139776K, 100% used [0x04e00000, 0x0d680000, 0x0d680000)
  from space 17472K, 100% used [0x0d680000, 0x0e790000, 0x0e790000)
  to   space 17472K,   0% used [0x0e790000, 0x0e790000, 0x0f8a0000)
 tenured generation   total 349568K, used 349567K [0x0f8a0000, 0x24e00000, 0x24e00000)
   the space 349568K,  99% used [0x0f8a0000, 0x24dffff8, 0x24e00000, 0x24e00000)
 Metaspace       used 21761K, capacity 22361K, committed 22784K, reserved 22912K
Event: 528.526 GC heap after
Heap after GC invocations=220 (full 8):
 def new generation   total 157248K, used 105224K [0x04e00000, 0x0f8a0000, 0x0f8a0000)
  eden space 139776K,  75% used [0x04e00000, 0x0b4c22e0, 0x0d680000)
  from space 17472K,   0% used [0x0d680000, 0x0d680000, 0x0e790000)
  to   space 17472K,   0% used [0x0e790000, 0x0e790000, 0x0f8a0000)
 tenured generation   total 349568K, used 349567K [0x0f8a0000, 0x24e00000, 0x24e00000)
   the space 349568K,  99% used [0x0f8a0000, 0x24dffee8, 0x24e00000, 0x24e00000)
 Metaspace       used 21761K, capacity 22361K, committed 22784K, reserved 22912K
}
Event: 529.481 GC heap before
{Heap before GC invocations=220 (full 8):
 def new generation   total 157248K, used 157247K [0x04e00000, 0x0f8a0000, 0x0f8a0000)
  eden space 139776K, 100% used [0x04e00000, 0x0d680000, 0x0d680000)
  from space 17472K,  99% used [0x0d680000, 0x0e78ff68, 0x0e790000)
  to   space 17472K,   0% used [0x0e790000, 0x0e790000, 0x0f8a0000)
 tenured generation   total 349568K, used 349567K [0x0f8a0000, 0x24e00000, 0x24e00000)
   the space 349568K,  99% used [0x0f8a0000, 0x24dffee8, 0x24e00000, 0x24e00000)
 Metaspace       used 21761K, capacity 22361K, committed 22784K, reserved 22912K
Event: 530.074 GC heap after
Heap after GC invocations=221 (full 9):
 def new generation   total 157248K, used 129051K [0x04e00000, 0x0f8a0000, 0x0f8a0000)
  eden space 139776K,  92% used [0x04e00000, 0x0cc06c00, 0x0d680000)
  from space 17472K,   0% used [0x0d680000, 0x0d680000, 0x0e790000)
  to   space 17472K,   0% used [0x0e790000, 0x0e790000, 0x0f8a0000)
 tenured generation   total 349568K, used 349567K [0x0f8a0000, 0x24e00000, 0x24e00000)
   the space 349568K,  99% used [0x0f8a0000, 0x24dffee8, 0x24e00000, 0x24e00000)
 Metaspace       used 21761K, capacity 22361K, committed 22784K, reserved 22912K
}
Event: 530.076 GC heap before
{Heap before GC invocations=221 (full 9):
 def new generation   total 157248K, used 131446K [0x04e00000, 0x0f8a0000, 0x0f8a0000)
  eden space 139776K,  94% used [0x04e00000, 0x0ce5d948, 0x0d680000)
  from space 17472K,   0% used [0x0d680000, 0x0d680000, 0x0e790000)
  to   space 17472K,   0% used [0x0e790000, 0x0e790000, 0x0f8a0000)
 tenured generation   total 349568K, used 349567K [0x0f8a0000, 0x24e00000, 0x24e00000)
   the space 349568K,  99% used [0x0f8a0000, 0x24dffee8, 0x24e00000, 0x24e00000)
 Metaspace       used 21761K, capacity 22361K, committed 22784K, reserved 22912K
Event: 530.664 GC heap after
Heap after GC invocations=222 (full 10):
 def new generation   total 157248K, used 129305K [0x04e00000, 0x0f8a0000, 0x0f8a0000)
  eden space 139776K,  92% used [0x04e00000, 0x0cc46760, 0x0d680000)
  from space 17472K,   0% used [0x0d680000, 0x0d680000, 0x0e790000)
  to   space 17472K,   0% used [0x0e790000, 0x0e790000, 0x0f8a0000)
 tenured generation   total 349568K, used 349567K [0x0f8a0000, 0x24e00000, 0x24e00000)
   the space 349568K,  99% used [0x0f8a0000, 0x24dffee8, 0x24e00000, 0x24e00000)
 Metaspace       used 21761K, capacity 22361K, committed 22784K, reserved 22912K
}
Event: 530.664 GC heap before
{Heap before GC invocations=222 (full 10):
 def new generation   total 157248K, used 129305K [0x04e00000, 0x0f8a0000, 0x0f8a0000)
  eden space 139776K,  92% used [0x04e00000, 0x0cc46760, 0x0d680000)
  from space 17472K,   0% used [0x0d680000, 0x0d680000, 0x0e790000)
  to   space 17472K,   0% used [0x0e790000, 0x0e790000, 0x0f8a0000)
 tenured generation   total 349568K, used 349567K [0x0f8a0000, 0x24e00000, 0x24e00000)
   the space 349568K,  99% used [0x0f8a0000, 0x24dffee8, 0x24e00000, 0x24e00000)
 Metaspace       used 21761K, capacity 22361K, committed 22784K, reserved 22912K
Event: 531.339 GC heap after
Heap after GC invocations=223 (full 11):
 def new generation   total 157248K, used 75350K [0x04e00000, 0x0f8a0000, 0x0f8a0000)
  eden space 139776K,  53% used [0x04e00000, 0x097959f0, 0x0d680000)
  from space 17472K,   0% used [0x0d680000, 0x0d680000, 0x0e790000)
  to   space 17472K,   0% used [0x0e790000, 0x0e790000, 0x0f8a0000)
 tenured generation   total 349568K, used 349567K [0x0f8a0000, 0x24e00000, 0x24e00000)
   the space 349568K,  99% used [0x0f8a0000, 0x24dffff8, 0x24e00000, 0x24e00000)
 Metaspace       used 21761K, capacity 22361K, committed 22784K, reserved 22912K
}

